[    0.000000] Initializig roup subsys cpuset
[    .0000] Iniiaizng croupsubsys cpu
[    0.000000] Initializing cgroup subsys cpuacct
[    0.000000] Linux version 4.4.0-34-generic (buildd@lgw01-20) (gcc version 5.3.1 20160413 (Ubuntu 5.3.1-14ubuntu2.1) ) #53-Ubuntu SMP Wed Jul 27 16:06:39 UTC 2016 (Ubuntu 4.4.0-34.5-gneric 4.4.15)
[    0.000000] Command line: BOOT_IMAGE=/boot/vmlinuz-4.4.0-34-generic root=LABEL=loudimg-rootfs ro console=tty1 console=ttyS0
[    0.000000] KERNEL supported cpus:
[    0.000000]   Intel GenuineIntel
[    0.000000]   AMD AuthenticAMD
[    0.000000]   Centaur CentaurHauls
[    0.000000] ------------[ cut here ]------------
[    0.000000] WARNING: CPU: 0 PID: 0 at /build/linux-5vkMGy/linux-4.4.0/arch/x86/kernel/fpu/xstate.c:517 fpu__init_system_xstate+0x38b/0x75a()
[    0.000000] XSAVE consistency problem, dumping leaves
[    0.000000] Modules linked in:
[    0.000000] CPU: 0 PID: 0 Comm: swapper Not tainted 4.4.0-34-generic #53-Ubuntu
[    0.000000]  0000000000000086 d26854ace36fa32b ffffffff81e03d80 ffffffff813f11b3
[    0.000000]  ffffffff81e03dcffffffff81ca2628 ffffffff81e03db8 ffffffff81081102
[    0.000000]  ffffffff81e03e48 ffffffff81e03e4c 0000000000000008 0000000000000100
[    0.000000] Call Trace:
[    0.0000]  [<fffffff1311b3>]du_stack+0x63/0x90
[    0.000000]  [<ffffffff808102>] warn_slowpath_common+0x8/0xc
   0.000000]  [<ffffffff810819>]warnslwpth_fmt+0x5c/0x80
[  0.000000]  [<ffffffff8107ced0>] ? xfeature_size+0x590x
[    0000000]  [<ffffffff81f6aeff>] fpu__init_system_xstate+0x38b/0x75a
[    0.000000]  [<ffffffff81f5a120>] ? early_idt_handler_array+0x120/0x120
[    0.000000]  [<ffffffff81f6a86a>] fpu__init_system+0x10d/0x245
[    0.000000]  [<ffffffff81f6b973>] early_cpu_init+0x139/0x13e
[    0.000000]  [<ffffffff81f6b973>] ? early_cpu_init+0x139/0x13e
[    0.000000]  [<ffffffff81f66e46>] setup_arch+0xb4/0xd1e
[    0.000000]  [<ffffffff81f5a120>] ? early_idt_handler_array+0x120/0x120
[   0.000000]  [<ffffffff81f5ac74>] start_kernel+0xe4/0x4a2
[    0.00000][<fffff81f5a120>? arly_it_anler_array+0x120/0x120
[    0.00000  <ffffffff81f5a339>] x86_64_start_reservations+0x2a/0x2c
[    0.000000]  [<ffffffff81f5a485>] x8_6_sar_kernel+0x14a/0x6d
[    0.000000] ---[ end trace 4d5ff9f2f68c4233 ]---
[    0.000000] CPUID[0d, 00: ax=0000007eb00000440 ecx=00000440 ex=0000000
[    0.000000] CPUID[0d, 01]: eax=0000000 ebx=000003c0 ecx=00000000 edx=00000000
[    0.000000] CPUID[0d, 02]: eax=00000100 ebx=00000240 ecx=00000000 edx=00000000
[    0.000000] CPUID[0d, 03]: eax=00000000 ebx=00000000 ecx=00000000 edx=00000000
[    0.000000] CPUID[0d, 04]: eax=00000000 ebx=00000000 ecx=000000 edx=00000000
[    0.000000] CPUID[0d, 05]: eax=00000000 ebx=00000000 ecx=00000000 edx=00000000
[    0.000000] CPUID[0d, 06]: eax=00000000 ebx=00000000 ecx=00000000 edx=00000000
[    0.000000] CPUID[0d, 07]: eax=0000000 ebx=00000 ecx=00000000 edx=00000000
[    0.000000] CPUID[0d, 08]: eax=00000000 ebx=00000000 ecx=00000000 edx=00000000
[    0.000000] CPUID[0d, 09]: eax=00000000 ebx=00000000 ecx=00000000 edx=00000000
[    0.000000] CPUID[0d,0a: ax=0000000ebx=00000000 ecx=00000000 edx=00000000
[    0.000000] CPUID[0d, 0b]: ex=00000000 ebx=00000000 ecx=00000000 edx=00000000
[    0.000000] CPUID[0d, 0c]: eax=00000000 ebx=00000000 ecx=00000000 edx=00000000
[    0.000000] CPUID[0d, 0d]: eax=00000000 ebx=00000000 ecx=00000000 edx=00000000
[    0.000000] CPUID[0d, 0e]: eax=00000000 ebx=0000000 ecx=000000ed=0000000
[    0.000000] CUI0d 0f] ex=00000000 ebx=00000000 ecx=00000000 edx=00000000
[    0.000000] CPUIDd,10]: eax=00000000 ebx=00000000 ecx=00000000 edx=00000000
[    0.000000] CPUID[0d, 11]: eax=00000000 ebx=00000000 ecx=00000000 edx=00000000
[    0.000000] x86/fpu: xstate_offset[2]:  576, xstate_sizes[2]:  256
[    0.000000] x86/fpu: pprting XSA fature 0x0: x8 floatingpontregisters'
[    0.000000] x86/fpu: Supportig SA featue x0: 'SSE rgisrs'
[    0.000000] x86/fpu: Supporting XSAVE feature 0x04: 'AVX registers'
[    0.000000] x86/fpu: Enabled xstte features 0x7, context size is 1088 bytes, using 'standard' format.
[   .00000]x86fp: Using 'lazy' FPU coontext switches.
[    0.000000] e820: BIOS-provided physical RAM m:
[    0.000000] BIOS-e820: [mem 0x0000000000000000-0x000000000009fbff] usable
[    0.000000] BIOS-e820: [mem 0x000000000009fc00-0x000000000009ffff] reserved
[    0.000000] BIOS-e20 [mm 0x00000000000f0000-0x00000000000fffff] reserved
[    0.000000] BIOS-e820: [mem 0x0000000000100000-0x000000003ffeffff] usable
[    0.000000] BIOS-e820: [mem 0x000000003fff0000-0x000000003fffffff] ACPI data
[    0.000000] BIOS-e820: [mem 0x00000000fffc0000-0x00000000ffffffff] reserved
[    0.000000] NX (Execute Disable) protectin:activ
[   0.000000] SMBIOS 2.5 present.
[    0.0000] Hyerisr dected: KVM
[   0.000000] e82: as_pfn = 0x3fff0 max_arch_pfn = 0x400000000
[     0.000000] x86/PAT: Configuration [0-7]: WB  WC  UC- UC  WB  WC  UC- WT  
[    0.000000] MTRR: Disabled
[    0.000000] CPU MTRRs all blank - virtualized system.[    0.000000] found SMP MP-table at [mem 0x0009fff0-0x0009ffff] mapped at [ffff88000009fff0]
[    0.000000] Scanning 1 areas for low memory corruption
[    0.000000] RAMDISK: [mem 0x371be000-0x3786ff]
[    0.000000] ACPI: Early table checksm veriictin disabled
[   0.000000] ACPI: RSDP 0x00000000000E0000 000024 (v02 VBOX  )
[    0.000000] ACPI: XSDT 0x000000003FFF0030 00003C (v01 VBOX   VBOXXSDT 00000001 ASL  00000061)
[    0.000000] ACPI: FACP 0x000000003FFF00F0 0000F4 (v04 VBOX   VBOXFACP 00000001 ASL  00000061)
[    0.000000] ACPI: DSDT 0x000000003FFF0470 002106 (v01 VBOX   VBOXBIOS 0000000 INTL 20100528
   0.0000 ACP: AC 0x0000003F0200 000040
[    0.000000] ACPI: FACS 0x0000003FF0200 00040
[    0.00000] ACPI: APIC 0x000000003FFF0240 00005C (v02 VBOX   VBOXAPIC 00000001 ASL  00000061)
[    0.000000] ACPI: SSDT 0x00000003FFF02A0 0001CC (v01 VBOX   VXCUT 00000 INTL200028)[   0.0000] N NUMA configuration found
[    0.000000] Faking a node at [mem 0x0000000000000000-0x000000003ffeffff]
[    0.000000] NODE_DATA(0) allocated [mem 0x3ffeb000-0x3ffeffff]
[    0.000000] kvm-clock: Using msrs 4b564d01 and 4b564d00
[    0.000000] kvm-clock: cpu 0, msr 0:3ffe7001, primary cpu clock
[    0.000000] kvm-clock uing sched offset of 3102735102 cycles
[    0.000000] clocksource: kvm-clock: mask: 0xffffffffffffffff max_cycles: 0x1cd42e4dffb, max_idle_s:881590591483 ns
[    0.000000] Zone ranges:
[    0.000000]   DA      [mem 0x0000000000001000-0x0000000000ffffff]
    0.000000]   DMA32    [mem 0x0000000001000000-0x00000003feff
   000000]  Nmal   empty
[    0.000000]   Device   empy
[   00000] Mvae zone start for eac nde
[    0.00000] Early memory node ranges
[   .000000]   node   0: [em 0x00000000001000-0x00000000009efff]
[    0.000000]   node   0: [mem 0x0000000000100000-0x000000003ffeffff]
   0.000000] Initmem setup ode 0 [mem 0x00000000001000-0x000000003ffeffff]
[    0.000000] ACPI: PM-Timer IO Port: 0x4008
[    0.000000] IOAPIC[0]: apic_id 2, version 17, address 0xfec00000, GSI 0-23
[    0.000000] ACPI: INT_SRC_OVR (bus 0 bus_irq 0 global_irq 2 dfl df
[   .00000] ACPIIN_SC_OVR (bus 0 bus_irq 9 global_irq 9 high level)[   0.000000]Using ACPI (MA) for MPoniguration information
[    0.000000] smpboot: AAllowing 2 CPUs, 0 hotplug CPUs
[    0.000000] PM: Registered nosave emry [mem 0x00000000-0x00000fff]
[    0.000000] PM: Registered noave memory: [mem 0x0009f000-0x0009ffff]
[    0.000000] PM: Registered nosave memory: [mem 0x000a0000-0x000effff]
[    0.000000] PM: Registered nosave memory: [mem 0x000f0000-0x000fffff]
[    0.000000] e820: [mem 0x40000000-0xfffbffff] available for PCI devices
[    0.000000] Booting paravirtualized kernel on KVM
[    0.000000] clocksource: refined-jiffies: mask: 0xffffffff max_cycle 0xffffffff, max_idle_ns: 7645519600211568 ns
[    0.000000] setup_percpu: NR_CPUS:256 nr_cpumask_bits:256 nr_cpu_ids:2 nr_node_ids:1
[    0.000000] PERCPU: Embedded 33 pages/cpu @ffff88003fc00000 s98008 r8192 d28968u1048576
[    0.000000] PV qspinlock hash table entries: 256 (order: 0, 4096 bytes)
[    0.000000] Built 1 zonelists in Node order, mobility grouping on.  Total pages: 257913
[    0.000000] Policy zone: DMA32
[    0.000000] Kernel command line: BOOT_IMAGE=/boot/vmlinuz-4.4.0-34-generic root=LABEL=cloudimg-ootfs ro console=tty1 console=ttyS0
[    0.000000] PID hash table entries: 4096 (order: 3, 32768 bytes)
[    0.000000] Memory: 1005372K/1048120K available (8394K kernel code, 1282K rwdata, 3944K rodata, 1480K init, 1292K bss, 42748K reserved, 0K cma-reserved)
[    0.000000] SLUB: HWalign=64, Order=0-3, MinObjects=0, CPUs=2, Node=1
[   000000] Hierarchical RCU implementation.
[    00000] 	Biltime adjutmntof leaf fanout to 64.
[   000000] 	RU stricti CUsfrom NR_CPUS=256 to nr_cpu_ids=2.
[    0.000000] RCU: Adjusting geotr forrc_fanout_leaf=64, nr_cpu_ids=2
[    0.00000 N_IQS:16640 nr_irqs:440 16
[    0.000000] Csoe: colour VGA+ 80x25
[    0.000000] console [tty1] enabled
[    0.000000] console [ttyS0] enabled
[    0.000000] tsc: Detected 2807.998 MHz processor
[    5.649437] Calibrating delay loop (skipped) preset value.. 5615.99 BogoMIPS (lpj=11231992)
[    5.706579] pid_max: default: 32768 minimum: 301
[    5.732875] ACPI: Core revision 20150930
[    5.738210] ACPI: 2 ACPI AML tables successfully acquired and loaded
[    5.796187] Security Framework initialized
[    5.822939] Yama: becoming mindful.
[    5.837292] AppArmor: AppArmor initialized
[    5.848684] Dentry cache hash table entries: 131072 (order: 8, 1048576 bytes)
[    5.854103] Inode-cache hash table entries: 65536 (order: 7, 524288 bytes)
[    5.865384] Mount-cache hash table entries: 2048 (order: 2, 16384 bytes)
[    5.898371] Mountpoint-cache hash table entries: 2048 (order: 2, 16384 bytes)
[    5.938098] Initializing cgroup subsys io
[    5.941140] Initializing cgroup subsys memory
[    5.968970] Initializing cgroup subsys devices
[    5.969854] Initializing cgroup subsys freezer
[    5.970910] Initializing cgroup subsys net_cls
[    5.999703] Initializing cgroup subsys perf_event
[    6.002298] Initializing cgroup subsys net_prio
[    6.025148] Initializing cgroup subsys hugetlb
[    6.026140] Initializing cgroup subsys pids
[    6.027188] CPU: Physical Processor ID: 0
[    6.033181] CPU: Processor Core ID: 0
[    6.035151] mce: CPU supports 0 MCE banks
[    6.037605] Last level iTLB entries: 4KB 64, 2MB 8, 4MB 8
[    6.038614] Last level dTLB entries: 4KB 64, 2MB 0, 4MB 0, 1GB 4
[    6.052263] Freeing SMP alternatives memory: 28K (ffffffff820b4000 - ffffffff820bb000)
[    6.079248] ftrace: allocating 31994 entries in 125 pages
[    6.141813] smpboot: Max logical packages: 1
[    6.164880] smpboot: APIC(0) Converting physical 0 to logical package 0
[    6.201882] ..TIMER: vector=0x30 apic1=0 pin1=2 apic2=-1 pin2=-1
[    6.352286] smpboot: CPU0: Intel(R) Core(TM) i7-6600U CPU @ 2.60GHz (family: 0x6, model: 0x4e, stepping: 0x3)
[    6.411102] Performance Events: unsupported p6 CPU model 78 no PMU driver, software events only.
[    6.413251] KVM setup paravirtual spinlock
[    6.414834] x86: Booting SMP configuration:
[    6.428866] .... node  #0, CPUs:      #1
[    6.452267] kvm-clock: cpu 1, msr 0:3ffe7041, secondary cpu clock
[    6.455506] mce: CPU supports 0 MCE banks
[    6.467028] x86: Booted up 1 node, 2 CPUs
[    6.488080] smpboot: Total of 2 processors activated (11231.99 BogoMIPS)
[    6.493987] devtmpfs: initialized
[    6.498064] evm: security.selinux
[    6.504435] evm: security.SMACK64
[    6.524633] evm: security.SMACK64EXEC
[    6.529094] evm: security.SMACK64TRANSMUTE
[    6.543847] evm: security.SMACK64MMAP
[    6.544700] evm: security.ima
[    6.548478] evm: security.capability
[    6.549561] clocksource: jiffies: mask: 0xffffffff max_cycles: 0xffffffff, max_idle_ns: 7645041785100000 ns
[    6.551599] pinctrl core: initialized pinctrl subsystem
[    6.560943] RTC time: 23:42:54, date: 08/25/16
[    6.576351] NET: Registered protocol family 16
[    6.612040] cpuidle: using governor ladder
[    6.632213] cpuidle: using governor menu
[    6.700178] PCCT header not found.
[    6.727071] ACPI: bus type PCI registered
[    6.751949] acpiphp: ACPI Hot Plug PCI Controller Driver version: 0.5
[    6.776092] PCI: Using configuration type 1 for base access
[    6.796219] ACPI: Added _OSI(Module Device)
[    6.819484] ACPI: Added _OSI(Processor Device)
[    6.822101] ACPI: Added _OSI(3.0 _SCP Extensions)
[    6.851274] ACPI: Added _OSI(Processor Aggregator Device)
[    6.862478] ACPI: Executed 1 blocks of module-level executable AML code
[    6.887871] ACPI: Interpreter enabled
[    6.903295] ACPI Exception: AE_NOT_FOUND, While evaluating Sleep State [\_S1_] (20150930/hwxface-580)
[    6.914641] ACPI Exception: AE_NOT_FOUND, While evaluating Sleep State [\_S2_] (20150930/hwxface-580)
[    6.969677] ACPI Exception: AE_NOT_FOUND, While evaluating Sleep State [\_S3_] (20150930/hwxface-580)
[    7.027995] ACPI Exception: AE_NOT_FOUND, While evaluating Sleep State [\_S4_] (20150930/hwxface-580)
[    7.076814] ACPI: (supports S0 S5)
[    7.078415] ACPI: Using IOAPIC for interrupt routing
[    7.082781] PCI: Using host bridge windows from ACPI; if necessary, use "pci=nocrs" and report a bug
[    7.090175] ACPI: PCI Root Bridge [PCI0] (domain 0000 [bus 00-ff])
[    7.108933] acpi PNP0A03:00: _OSC: OS supports [ASPM ClockPM Segments MSI]
[    7.154154] acpi PNP0A03:00: _OSC failed (AE_NOT_FOUND); disabling ASPM
[    7.169873] acpi PNP0A03:00: fail to add MMCONFIG information, can't access extended PCI configuration space under this bridge.
[    7.173142] PCI host bridge to bus 0000:00
[    7.178121] pci_bus 0000:00: root bus resource [io  0x0000-0x0cf7 window]
[    7.190048] pci_bus 0000:00: root bus resource [io  0x0d00-0xffff window]
[    7.192878] pci_bus 0000:00: root bus resource [mem 0x000a0000-0x000bffff window]
[    7.200576] pci_bus 0000:00: root bus resource [mem 0x40000000-0xffdfffff window]
[    7.209784] pci_bus 0000:00: root bus resource [bus 00-ff]
[    7.240452] pci 0000:00:01.1: legacy IDE quirk: reg 0x10: [io  0x01f0-0x01f7]
[    7.249925] pci 0000:00:01.1: legacy IDE quirk: reg 0x14: [io  0x03f6]
[    7.252818] pci 0000:00:01.1: legacy IDE quirk: reg 0x18: [io  0x0170-0x0177]
[    7.254163] pci 0000:00:01.1: legacy IDE quirk: reg 0x1c: [io  0x0376]
[    7.280495] ACPI: PCI Interrupt Link [LNKA] (IRQs 5 9 10 11) *0, disabled.
[    7.293621] ACPI: PCI Interrupt Link [LNKB] (IRQs 5 9 10 *11)
[    7.297399] ACPI: PCI Interrupt Link [LNKC] (IRQs 5 9 *10 11)
[    7.341021] ACPI: PCI Interrupt Link [LNKD] (IRQs 5 *9 10 11)
[    7.355891] ACPI: Enabled 2 GPEs in block 00 to 07
[    7.360735] vgaarb: setting as boot device: PCI:0000:00:02.0
[    7.405308] vgaarb: device added: PCI:0000:00:02.0,decodes=io+mem,owns=io+mem,locks=none
[    7.408760] vgaarb: loaded
[    7.415300] vgaarb: bridge control possible 0000:00:02.0
[    7.417041] SCSI subsystem initialized
[    7.420041] ACPI: bus type USB registered
[    7.435416] usbcore: registered new interface driver usbfs
[    7.451907] usbcore: registered new interface driver hub
[    7.455146] usbcore: registered new device driver usb
[    7.457097] PCI: Using ACPI for IRQ routing
[    7.464855] NetLabel: Initializing
[    7.481382] NetLabel:  domain hash size = 128
[    7.483842] NetLabel:  protocols = UNLABELED CIPSOv4
[    7.488624] NetLabel:  unlabeled traffic allowed by default
[    7.489971] clocksource: Switched to clocksource kvm-clock
[   7.085]pprmr:Aprmr ilsystem Enabled
[   .8804]np PP CP it[   .2423]pnp: PnP ACPI: found 3 devices

[    8.404650] clocksource: acpi_pm: mask: 0xffffff max_cycles: 0xffffff, max_idle_ns: 2085701024 ns
[    8.409349] NET: Registered protocol family 2
[    8.411671] TCP established hash table entries: 8192 (order: 4, 65536 bytes)
[    8.418116] TCP bind hash table entries: 8192 (order: 5, 131072 bytes)
[    8.423908] TCP: Hash tables configured (established 8192 bind 8192)
[    8.430240] UDP hash table entries: 512 (order: 2, 16384 bytes)
[    8.432842] UDP-Lite hash table entries: 512 (order: 2, 16384 bytes)
[    8.434336] NET: Registered protocol family 1
[    8.437075] pci 0000:00:00.0: Limiting direct PCI/PCI transfers
[    8.452292] pci 0000:00:01.0: Activating ISA DMA hang workarounds
[    8.458859] Trying to unpack rootfs image as initramfs...
[    9.911421] Freeing initrd memory: 7268K (ffff8800371be000 - ffff8800378d7000)
[    9.952675] platform rtc_cmos: registered platform RTC device (no PNP device found)
[    9.974985] Scanning for low memory corruption every 60 seconds
[   10.019022] futex hash table entries: 512 (order: 3, 32768 bytes)
[   10.046888] audit: initializing netlink subsys (disabled)
[   10.063120] audit: type=2000 audit(1472168576.434:1): initialized
[   10.073720] Initialise system trusted keyring
[   10.084509] HugeTLB registered 2 MB page size, pre-allocated 0 pages
[   10.108691] zbud: loaded
[   10.114732] VFS: Disk quotas dquot_6.6.0
[   10.133079] VFS: Dquot-cache hash table entries: 512 (order 0, 4096 bytes)
[   10.167770] squashfs:vesin .0(209/01/31) Phillip Lougher

[   10.351111] fuse init (API version 7.23)
[   10.357005] Key type big_key registered
[   10.361690] Allocating IMA MOK and blacklist keyrings.
[   10.378869] Key type asymmetric registered
[   10.391387] Asymmetric key parser 'x509' registered
[   10.393797] Block layer SCSI generic (bsg) driver version 0.4 loaded (major 249)
[   10.398634] io scheduler noop registered
[   10.401623] io scheduler deadline registered (default)
[   10.404844] io scheduler cfq registered
[   10.420172] pci_hotplug: PCI Hot Plug PCI Core version: 0.5
[   10.429934] pciehp: PCI Express Hot Plug Controller Driver version: 0.4
[   10.440025] ACPI: AC Adapter [AC] (on-line)
[   10.457006] input: Power Button as /devices/LNXSYSTM:00/LNXPWRBN:00/input/input0
[   10.463588] ACPI: Power Button [PWRF]
[   10.464419] input: Sleep Button as /devices/LNXSYSTM:00/LNXSLPBN:00/input/input1
[   10.465959] ACPI: Sleep Button [SLPF]
[   10.467152] GHES: HEST is not enabled!
[   10.467919] ACPI: Battery Slot [BAT0] (battery present)
[   10.487180] Serial: 8250/16550 driver, 32 ports, IRQ sharing enabled
[   10.513630] 00:02: ttyS0 at I/O 0x3f8 (irq = 4, base_baud = 115200) is a 16550A
[   10.527115] Linux agpgart interface v0.103
[   10.532100] brd: module loaded
[   10.548305] loop: module loaded
[   10.555664] scsi host0: ata_piix
[   10.560675] scsi host1: ata_piix
[   10.571280] ata1: PATA max UDMA/33 cmd 0x1f0 ctl 0x3f6 bmdma 0xd000 irq 14
[   10.572493] ata2: PATA max UDMA/33 cmd 0x170 ctl 0x376 bmdma 0xd008 irq 15
[   10.575298] libphy: Fixed MDIO Bus: probed
[   10.576642] tun: Universal TUN/TAP device driver, 1.6
[   10.577613] tun: (C) 1999-2004 Max Krasnyansky <maxk@qualcomm.com>
[   10.578820] PPP generic driver version 2.4.2
[   10.583746] ehci_hcd: USB 2.0 'Enhanced' Host Controller (EHCI) Driver
[   10.586803] ehci-pci: EHCI PCI platform driver
[   10.588094] ehci-platform: EHCI generic platform driver
[   10.589400] ohci_hcd: USB 1.1 'Open' Host Controller (OHCI) Driver
[   10.590928] ohci-pci: OHCI PCI platform driver
[   10.592008] ohci-platform: OHCI generic platform driver
[   10.593204] uhci_hcd: USB Universal Host Controller Interface driver
[   10.594727] i8042: PNP: PS/2 Controller [PNP0303:PS2K,PNP0f03:PS2M] at 0x60,0x64 irq 1,12
[   10.601028] serio: i8042 KBD port at 0x60,0x64 irq 1
[   10.604858] serio: i8042 AUX port at 0x60,0x64 irq 12
[   10.610105] mousedev: PS/2 mouse device common for all mice
[   10.625608] rtc_cmos rtc_cmos: rtc core: registered rtc_cmos as rtc0
[   10.628422] rtc_cmos rtc_cmos: alarms up to one day, 114 bytes nvram
[   10.629703] input: AT Translated Set 2 keyboard as /devices/platform/i8042/serio0/input/input2
[   10.632964] i2c /dev entries driver
[   10.642847] device-mapper: uevent: version 1.0.3
[   10.650233] device-mapper: ioctl: 4.34.0-ioctl (2015-10-28) initialised: dm-devel@redhat.com
[   10.664229] ledtrig-cpu: registered to indicate activity on CPUs
[   10.669479] NET: Registered protocol family 10
[   10.689025] NET: Registered protocol family 17
[   10.699041] Key type dns_resolver registered
[   10.709618] microcode: CPU0 sig=0x406e3, pf=0x40, revision=0x0
[   10.713375] microcode: CPU1 sig=0x406e3, pf=0x40, revision=0x0
[   10.714682] microcode: Microcode Update Driver: v2.01 <tigran@aivazian.fsnet.co.uk>, Peter Oruba
[   10.719593] registered taskstats version 1
[   10.721940] Loading compiled-in X.509 certificates
[   10.724119] Loaded X.509 cert 'Build time autogenerated kernel key: c40ffa48d8617ce4553ee3ab59017c95e74f2501'
[   10.763819] zswap: loaded using pool lzo/zbud
[   10.786153] Key type trusted registered
[   10.795490] Key type encrypted registered
[   10.804438] AppArmor: AppArmor sha1 policy hashing enabled
[   10.807455] ima: No TPM chip found, activating TPM-bypass!
[   10.817876] evm: HMAC attrs: 0x1
[   10.821263]   Magic number: 12:18:758
[   10.824756] tty ttyS9: hash matches
[   10.834287] rtc_cmos rtc_cmos: setting system clock to 2016-08-25 23:42:58 UTC (1472168578)
[   10.839002] BIOS EDD facility v0.16 2004-Jun-25, 0 devices found
[   10.854262] EDD information not available.
[   10.857930] Freeing unused kernel memory: 1480K (ffffffff81f42000 - ffffffff820b4000)
[   10.885484] Write protecting the kernel read-only data: 14336k
[   10.912775] Freeing unused kernel memory: 1832K (ffff880001836000 - ffff880001a00000)
[   10.925909] Freeing unused kernel memory: 152K (ffff880001dda000 - ffff880001e00000)
Loading, please wait...
starting version[   10.941827] random: systemd-udevd urandom read with 3 bits of entropy available
 229
[   10.958091] tsc: Refined TSC clocksource calibration: 2807.732 MHz
[   10.960869] clocksource: tsc: mask: 0xffffffffffffffff max_cycles: 0x2878c92e866, max_idle_ns: 440795324589 ns
[   10.995248] e1000: Intel(R) PRO/1000 Network Driver - version 7.3.21-k8-NAPI
[   11.002553] e1000: Copyright (c) 1999-2006 Intel Corporation.
[   11.067516] Fusion MPT base driver 3.04.20
[   11.080245] Copyright (c) 1999-2008 LSI Corporation
[   11.141583] Fusion MPT SPI Host driver 3.04.20
[   11.170314] AVX version of gcm_enc/dec engaged.
[   11.187831] AES CTR mode by8 optimization enabled
[   11.298811] input: ImExPS/2 Generic Explorer Mouse as /devices/platform/i8042/serio1/input/input4
[   11.575829] e1000 0000:00:03.0 eth0: (PCI:33MHz:32-bit) 02:82:9e:07:08:84
[   11.612909] e1000 0000:00:03.0 eth0: Intel(R) PRO/1000 Network Connection
[   11.624460] mptbase: ioc0: Initiating bringup
[   11.634996] e1000 0000:00:03.0 enp0s3: renamed from eth0
[   11.718310] ioc0: LSI53C1030 A0: Capabilities={Initiator}
[   11.889418] scsi host2: ioc0: LSI53C1030 A0, FwRev=00000000h, Ports=1, MaxQ=256, IRQ=20
[   12.002600] scsi 2:0:0:0: Direct-Access     VBOX     HARDDISK         1.0  PQ: 0 ANSI: 5
[   12.015701] scsi target2:0:0: Beginning Domain Validation
[   12.022433] scsi target2:0:0: Domain Validation skipping write tests
[   12.061643] scsi target2:0:0: Ending Domain Validation
[   12.096843] scsi target2:0:0: asynchronous
[   12.107415] scsi 2:0:1:0: Direct-Access     VBOX     HARDDISK         1.0  PQ: 0 ANSI: 5
[   12.112141] scsi target2:0:1: Beginning Domain Validation
[   12.148033] scsi target2:0:1: Domain Validation skipping write tests
[   12.170857] scsi target2:0:1: Ending Domain Validation
[   12.223317] scsi target2:0:1: asynchronous
[   12.245868] sd 2:0:0:0: [sda] 20971520 512-byte logical blocks: (10.7 GB/10.0 GiB)
[   12.250130] sd 2:0:0:0: Attached scsi generic sg0 type 0
[   12.250400] sd 2:0:1:0: Attached scsi generic sg1 type 0
[   12.302932] sd 2:0:1:0: [sdb] 20480 512-byte logical blocks: (10.5 MB/10.0 MiB)
[   12.303119] sd 2:0:0:0: [sda] Write Protect is off
[   12.303239] sd 2:0:0:0: [sda] Incomplete mode parameter data
[   12.303240] sd 2:0:0:0: [sda] Assuming drive cache: write through
[   12.367000] sd 2:0:1:0: [sdb] Write Protect is off
[   12.374261] sd 2:0:1:0: [sdb] Incomplete mode parameter data
[   12.387944] sd 2:0:1:0: [sdb] Assuming drive cache: write through
[   12.392858]  sda: sda1
[   12.401133] sd 2:0:0:0: [sda] Attached SCSI disk
[   12.427625] sd 2:0:1:0: [sdb] Attached SCSI disk
[   14.114164] floppy0: no floppy controllers found
Begin: Loading essential drivers[   15.591558] md: linear personality registered for level -1
 ... [   15.597032] md: multipath personality registered for level -4
[   15.611633] md: raid0 personality registered for level 0
[   15.637884] md: raid1 personality registered for level 1
[   15.714220] raid6: sse2x1   gen()  6986 MB/s
[   15.794106] raid6: sse2x1   xor()  4131 MB/s
[   15.894189] raid6: sse2x2   gen()  7955 MB/s
[   15.970092] raid6: sse2x2   xor()  5424 MB/s
[   16.054104] raid6: sse2x4   gen()  9206 MB/s
[   16.126073] raid6: sse2x4   xor()  6409 MB/s
[   16.163071] raid6: using algorithm sse2x4 gen() 9206 MB/s
[   16.186813] raid6: .... xor() 6409 MB/s, rmw enabled
[   16.187815] raid6: using ssse3x2 recovery algorithm
[   16.190327] xor: automatically using best checksumming function:
[   16.238245]    avx       : 17126.000 MB/sec
[   16.242296] async_tx: api initialized (async)
[   16.268393] md: raid6 personality registered for level 6
[   16.270393] md: raid5 personality registered for level 5
[   16.288658] md: raid4 personality registered for level 4
[   16.297645] md: raid10 personality registered for level 10
done.
Begin: Running /scripts/init-premount ... done.
Begin: Mounting root file system ... Begin: Running /scripts/local-top ... done.
Begin: Running /scripts/local-premount ... [   16.351627] Btrfs loaded
Scanning for Btrfs filesystems
done.
Warning: fsck no[   16.456833] EXT4-fs (sda1): mounted filesystem with ordered data mode. Opts: (null)
t present, so skipping root file system
done.
Begin: Running /scripts/local-bottom ... done.
Begin: Running /scripts/init-bottom ... Warning: overlayroot: debug is busted
done.
[   16.569839] systemd[1]: systemd 229 running in system mode. (+PAM +AUDIT +SELINUX +IMA +APPARMOR +SMACK +SYSVINIT +UTMP +LIBCRYPTSETUP +GCRYPT +GNUTLS +ACL +XZ -LZ4 +SECCOMP +BLKID +ELFUTILS +KMOD -IDN)
[   16.595991] systemd[1]: Detected virtualization oracle.
[   16.598885] systemd[1]: Detected architecture x86-64.

Welcome to [1mUbuntu 16.04.1 LTS[0m!

[   16.603998] systemd[1]: Set hostname to <repos>.
[   16.708238] systemd[1]: Listening on udev Kernel Socket.
[[0;32m  OK  [0m] Listening on udev Kernel Socket.
[   16.742424] systemd[1]: Listening on /dev/initctl Compatibility Named Pipe.
[[0;32m  OK  [0m] Listening on /dev/initctl Compatibility Named Pipe.
[   16.794324] systemd[1]: Reached target User and Group Name Lookups.
[[0;32m  OK  [0m] Reached target User and Group Name Lookups.
[   16.838796] systemd[1]: Created slice User and Session Slice.
[[0;32m  OK  [0m] Created slice User and Session Slice.
[   16.882264] systemd[1]: Listening on Syslog Socket.
[[0;32m  OK  [0m] Listening on Syslog Socket.
[   16.916116] systemd[1]: Listening on udev Control Socket.
[[0;32m  OK  [0m] Listening on udev Control Socket.
[   16.927645] systemd[1]: Created slice System Slice.
[[0;32m  OK  [0m] Created slice System Slice.
[   16.978856] systemd[1]: Created slice system-serial\x2dgetty.slice.
[[0;32m  OK  [0m] Created slice system-serial\x2dgetty.slice.
[   17.019048] systemd[1]: Listening on LVM2 poll daemon socket.
[[0;32m  OK  [0m] Listening on LVM2 poll daemon socket.
[   17.062425] systemd[1]: Started Forward Password Requests to Wall Directory Watch.
[[0;32m  OK  [0m] Started Forward Password Requests to Wall Directory Watch.
[   17.095796] systemd[1]: Listening on Journal Audit Socket.
[[0;32m  OK  [0m] Listening on Journal Audit Socket.
[   17.109509] systemd[1]: Reached target Swap.
[[0;32m  OK  [0m] Reached target Swap.
[   17.147500] systemd[1]: Listening on Device-mapper event daemon FIFOs.
[[0;32m  OK  [0m] Listening on Device-mapper event daemon FIFOs.
[   17.186366] systemd[1]: Listening on LVM2 metadata daemon socket.
[[0;32m  OK  [0m] Listening on LVM2 metadata daemon socket.
[   17.214689] systemd[1]: Set up automount Arbitrary Executable File Formats File System Automount Point.
[[0;32m  OK  [0m] Set up automount Arbitrary Executab...ats File System Automount Point.
[   17.238337] systemd[1]: Listening on Journal Socket.
[[0;32m  OK  [0m] Listening on Journal Socket.
[   17.330709] systemd[1]: Starting Load Kernel Modules...
         Startin[   17.339288] Loading iSCSI transport class v2.0-870.
g Load Kernel Mo[   17.419708] iscsi: registered transport (tcp)
dules...
[   17.440053] systemd[1]: Starting Create list of required static device nodes for the current kernel...
         Starting Create list of required st... nodes for the current kernel...
[   17.456092] systemd[1]: Starting Monitoring of LVM2 mirrors, snapshots etc. using dmeventd or progress polling...
         Starting Monitoring of LVM2 mirrors... dmeventd or progress polling...
[   17.507735] systemd[1]: Mounting POSIX Message Queue File System...
         Mounting POSIX M[   17.546339] iscsi: registered transport (iser)
essage Queue File System...
[   17.634204] systemd[1]: Starting Remount Root and Kernel File Systems...
         Starting Remount Root and Kernel File Systems...
[   17.685815] EXT4-fs (sda1): re-mounted. Opts: (null)
[   17.686362] systemd[1]: Starting Uncomplicated firewall...
         Starting Uncomplicated firewall...
[   17.750194] systemd[1]: Mounting Debug File System...
         Mounting Debug File System...
[   17.811132] systemd[1]: Starting Set console keymap...
         Starting Set console keymap...
[   17.827476] systemd[1]: Mounting Huge Pages File System...
[   17.846141] random: nonblocking pool is initialized
         Mounting Huge Pages File System...
[   17.882461] systemd[1]: Starting Nameserver information manager...
         Starting Nameserver information manager...
[   17.914570] systemd[1]: Reached target Encrypted Volumes.
[[0;32m  OK  [0m] Reached target Encrypted Volumes.
[   1795672] systemd[1]: Listening on Journal Socket (/dev/log).

[[0;32m  OK  [0m] Listening on Journal Socket (/dev/log).
[   18.050571] systemd[1]: Starting Journal Service...
         Starting Journal Service...
[   18.077950] systemd[1]: Reached target Slices.
[[0;32m  OK  [0m] Reached target Slices.
[   18.104623] systemd[1]: Mounted Debug File System.
[[0;32m  OK  [0m] Mounted Debug File System.
[   18.128097] systemd[1]: Mounted Huge Pages File System.
[[0;32m  OK  [0m] Mounted Huge Pages File System.
[  1.1330]ystemd[1]: Mounted POSIX Message Queu FleSyem.

[[0;32m  OK  [0m] Mounted POSIX Message Queue File System.
[   18.464555] systemd[1]: Started Journal Service.
[[0;32m  OK  [0m] Started Journal Service.
[[0;32m  OK  [0m] Started Load Kernel Modules.
[[0;32m  OK  [0m] Started Create list of required sta...ce nodes for the current kernel.
[[0;32m  OK  [0m] Started Remount Root and Kernel File Systems.
[[0;32m  OK  [0m] Started Uncomplicated firewall.
[[0;32m  OK  [0m] Started Set console keymap.
[[0;32m  OK  [0m] Started Nameserver information manager.
[[0;32m  OK  [0m] Started LVM2 metadata daemon.
         Starting udev Coldplug all Devices...
         Starting Load/Save Random Seed...
         Starting Create Static Device Nodes in /dev...
         Mounting FUSE Control File System...
         Starting Apply Kernel Variables...
         Starting Flush Journal to Persistent Storage...
[[0;32m  OK  [0m] Mounted FUSE Control File System.
[[0;32m  OK  [0m] Started Load/Save Random Seed.
[[0;32m  OK  [0m] Started Create Static Device Nodes in /dev.
[[0;32m  OK  [0m] Started Apply Kernel Variables.
[[0;32m  OK  [0m] Started udev Coldplug all Devices.
[[0;32m  OK  [0m] Started Flush Journal to Persistent Storage.
         Starting udev Kernel Device Manager...
[[0;32m  OK  [0m] Started udev Kernel Device Manager.
[[0;32m  OK  [0m] Started Dispatch Password Requests to Console Directory Watch.
[[0;32m  OK  [0m] Started Monitoring of LVM2 mirrors,...ng dmeventd or progress polling.
[[0;32m  OK  [0m] Reached target Local File Systems (Pre).
[[0;32m  OK  [0m] Reached target Local File Systems.
         Starting Tell Plymouth To Write Out Runtime Data...
         Starting Set console font and keymap...
         Starting LSB: AppArmor initialization...
         Starting Create Volatile Files and Directories...
         Starting Initial cloud-init job (pre-networking)...
[[0;32m  OK  [0m] Started Tell Plymouth To Write Out Runtime Data.
[[0;32m  OK  [0m] Started Create Volatile Files and Directories.
[[0;32m  OK  [0m] Found device /dev/ttyS0.
         Starting Network Time Synchronization...
         Starting Update UTMP about System Boot/Shutdown...
[[0;32m  OK  [0m] Started Network Time Synchronization.
[[0;32m  OK  [0m] Started Update UTMP about System Boot/Shutdown.
[[0;32m  OK  [0m] Reached target System Time Synchronized.
[[0;32m  OK  [0m] Found device 82540EM Gigabit Ethern...r (PRO/1000 MT Desktop Adapter).
[[0;32m  OK  [0m] Started LSB: AppArmor initialization.
[[0;32m  OK  [0m] Listening on Load/Save RF Kill Switch Status /dev/rfkill Watch.
[[0;32m  OK  [0m] Reached target System Initialization.
[[0;32m  OK  [0m] Listening on UUID daemon activation socket.
[[0;32m  OK  [0m] Listening on ACPID Listen Socket.
         Starting LXD - unix socket.
[[0;32m  OK  [0m] Started Trigger resolvconf update for networkd DNS.
[[0;32m  OK  [0m] Started Daily Cleanup of Temporary Directories.
         Starting Socket activation for snappy daemon.
[[0;32m  OK  [0m] Started Daily apt activities.
[[0;32m  OK  [0m] Listening on D-Bus System Message Bus Socket.
[[0;32m  OK  [0m] Started Timer to automatically refresh installed snaps.
[[0;32m  OK  [0m] Reached target Timers.
[[0;32m  OK  [0m] Started ACPI Events Check.
[[0;32m  OK  [0m] Reached target Paths.
[[0;32m  OK  [0m] Listening on LXD - unix socket.
[[0;32m  OK  [0m] Listening on Socket activation for snappy daemon.
[[0;32m  OK  [0m] Reached target Sockets.
[[0;32m  OK  [0m] Reached target Basic System.
[[0;32m  OK  [0m] Started Snappy daemon.
[[0;32m  OK  [0m] Started ACPI event daemon.
         Starting LSB: MD monitoring daemon...
         Starting Login Service...
         Starting System Logging Service...
[[0;32m  OK  [0m] Started D-Bus System Message Bus.
[[0;32m  OK  [0m] Started FUSE filesystem for LXC.
         Starting Accounts Service...
[[0;32m  OK  [0m] Started Regular background program processing daemon.
[[0;32m  OK  [0m] Started Deferred execution scheduler.
         Starting LSB: Record successful boot for GRUB...
         Starting LXD - container startup/shutdown...
[[0;32m  OK  [0m] Started System Logging Service.
[[0;32m  OK  [0m] Started LSB: MD monitoring daemon.
[[0;32m  OK  [0m] Started Login Service.
[[0;32m  OK  [0m] Started LSB: Record successful boot for GRUB.
         Starting Authenticate and Authorize Users to Run Privileged Tasks...
[[0;32m  OK  [0m] Started LXD - container startup/shutdown.
[[0;32m  OK  [0m] Started Authenticate and Authorize Users to Run Privileged Tasks.
[[0;32m  OK  [0m] Started Accounts Service.
[[0;32m  OK  [0m] Started Set console font and keymap.
[[0;32m  OK  [0m] Created slice system-getty.slice.
[   44.486314] cloud-init[1385]: Cloud-init v. 0.7.7 running 'init-local' at Thu, 25 Aug 2016 23:43:38 +0000. Up 44.14 seconds.
[[0;32m  OK  [0m] Started Initial cloud-init job (pre-networking).
[[0;32m  OK  [0m] Reached target Network (Pre).
[[0;32m  OK  [0m] Started ifup for enp0s3.
         Starting Raise network interfaces...
[[0;32m  OK  [0m] Started Raise network interfaces.
         Starting Initial cloud-init job (metadata service crawler)...
[[0;32m  OK  [0m] Reached target Network.
[   45.590550] cloud-init[2089]: Cloud-init v. 0.7.7 running 'init' at Thu, 25 Aug 2016 23:43:39 +0000. Up 45.25 seconds.
[   45.608516] cloud-init[2089]: ci-info: +++++++++++++++++++++++++++++++++++++Net device info+++++++++++++++++++++++++++++++++++++
[   45.612155] cloud-init[2089]: ci-info: +--------+------+---------------------------+---------------+-------+-------------------+
[   45.619009] cloud-init[2089]: ci-info: | Device |  Up  |          Address          |      Mask     | Scope |     Hw-Address    |
[   45.684651] [cloud-init[0;32m  OK  [0m[2089]: ] ci-info: +--------+------+---------------------------+---------------+-------+-------------------+Started Initial cloud-init job (metadata service crawler).

[   45.748961] [cloud-init[0;32m  OK  [0m[2089]: ] ci-info: |   lo   | True |         127.0.0.1         |   255.0.0.0   |   .   |         .         |Reached target Cloud-config availability.

[   45.749446] [cloud-init[0;32m  OK  [0m[2089]: ] ci-info: |   lo   | True |          ::1/128          |       .       |  host |         .         |Reached target Network is Online.

[   45.899866]          cloud-initStarting iSCSI initiator daemon (iscsid)...[2089]: 
ci-info: | enp0s3 | True |         10.0.2.15         | 255.255.255.0 |   .   | 02:82:9e:07:08:84 |
[   45.914703]          cloud-initStarting Pollinate to seed the pseudo random number generator...[2089]: 
ci-info: | enp0s3 | True | fe80::82:9eff:fe07:884/64 |       .       |  link | 02:82:9e:07:08:84 |
[   46.040800]          cloud-initStarting Apply the settings specified in cloud-config...[2089]: 
ci-info: +--------+------+---------------------------+---------------+-------+-------------------+
[   46.051621] cloud-init[2089]: ci-info: +++++++++++++++++++++++++++Route IPv4 info++++++++++++++++++++++++++++
         Starting /etc/rc.local Compatibility...
[   46.063047] cloud-init[2089]: ci-info: +-------+-------------+----------+---------------+-----------+-------+
[   46.090613] [cloud-init[0;32m  OK  [0m[2089]: ] ci-info: | Route | Destination | Gateway  |    Genmask    | Interface | Flags |Started /etc/rc.local Compatibility.

[[0;32m  OK  [0m] Started iSCSI initiator daemon (iscsid).
[   46.092117] cloud-init[2089]: ci-info: +-------+-------------+----------+---------------+-----------+-------+
[   46.382229] cloud-init[2089]: ci-info: |   0   |   0.0.0.0   | 10.0.2.2 |    0.0.0.0    |   enp0s3  |   UG  |
[   46.397662]          cloud-initStarting Login to default iSCSI targets...[2089]: 
ci-info: |   1   |   10.0.2.0  | 0.0.0.0  | 255.255.255.0 |   enp0s3  |   U   |
[   46.411475] cloud-init[2089]: ci-info: +-------+-------------+----------+---------------+-----------+-------+
[[0;32m  OK  [0m] Started Login to default iSCSI targets.
[[0;32m  OK  [0m] Reached target Remote File Systems (Pre).
[[0;32m  OK  [0m] Reached target Remote File Systems.
         Starting LSB: daemon to balance interrupts for SMP systems...
         Starting Permit User Sessions...
         Starting LSB: Set the CPU Frequency Scaling governor to "ondemand"...
         Starting LSB: automatic crash report generation...
[[0;32m  OK  [0m] Started Permit User Sessions.
         Starting Terminate Plymouth Boot Screen...
         Starting Hold until boot process finishes up...
[[0;32m  OK  [0m] Started LSB: daemon to balance interrupts for SMP systems.
[[0;32m  OK  [0m] Started LSB: Set the CPU Frequency Scaling governor to "ondemand".
[[0;32m  OK  [0m] Started Terminate Plymouth Boot Screen.
[[0;32m  OK  [0m] Started Hold until boot process finishes up.
         Starting Set console scheme...
[[0;32m  OK  [0m] Started Getty on tty1.
[   46.853614] cloud-init[2139]: Cloud-init v. 0.7.7 running 'modules:config' at Thu, 25 Aug 2016 23:43:41 +0000. Up 46.66 seconds.
[[0;32m  OK  [0m] Started Serial Getty on ttyS0.
[[0;32m  OK  [0m] Reached target Login Prompts.
[[0;32m  OK  [0m] Started Apply the settings specified in cloud-config.
[[0;32m  OK  [0m] Started LSB: automatic crash report generation.
[[0;32m  OK  [0m] Started Set console scheme.
         Starting Execute cloud user/final scripts...
[   47.542691] cloud-init[2257]: Cloud-init v. 0.7.7 running 'modules:final' at Thu, 25 Aug 2016 23:43:42 +0000. Up 47.40 seconds.
[   47.599490] [cloud-init[0;32m  OK  [0m[2257]: ] Cloud-init v. 0.7.7 finished at Thu, 25 Aug 2016 23:43:42 +0000. Datasource DataSourceNoCloud [seed=/dev/sdb][dsmode=net].  Up 47.53 secondsStarted Execute cloud user/final scripts.

[[0;32m  OK  [0m] Reached target Cloud-init target.
[[0;32m  OK  [0m] Started Pollinate to seed the pseudo random number generator.
         Starting OpenBSD Secure Shell server...
[[0;32m  OK  [0m] Started OpenBSD Secure Shell server.
[[0;32m  OK  [0m] Reached target Multi-User System.
[[0;32m  OK  [0m] Reached target Graphical Interface.
         Starting Update UTMP about System Runlevel Changes...
[[0;32m  OK  [0m] Started Update UTMP about System Runlevel Changes.

Ubuntu 16.04.1 LTS repos ttyS0

repos login:                   Stopping LSB: Set the CPU Frequency Scaling governor to "ondemand"...
         Stopping Deferred execution scheduler...
         Stopping LSB: daemon to balance interrupts for SMP systems...
         Stopping LSB: Record successful boot for GRUB...
         Stopping LSB: automatic crash report generation...
         Stopping FUSE filesystem for LXC...
[[0;32m  OK  [0m] Unmounted /var/lib/lxcfs.
[[0;32m  OK  [0m] Stopped Snappy daemon.
[[0;32m  OK  [0m] Stopped ACPI event daemon.
[[0;32m  OK  [0m] Stopped System Logging Service.
[[0;32m  OK  [0m] Stopped Accounts Service.
[[0;32m  OK  [0m] Stopped Regular background program processing daemon.
[[0;32m  OK  [0m] Stopped Deferred execution scheduler.
[[0;32m  OK  [0m] Stopped Authenticate and Authorize Users to Run Privileged Tasks.
[[0;32m  OK  [0m] Stopped Getty on tty1.
[[0;32m  OK  [0m] Stopped Serial Getty on ttyS0.
[[0;32m  OK  [0m] Stopped OpenBSD Secure Shell server.
[[0;32m  OK  [0m] Stopped The PHP 7.0 FastCGI Process Manager.
[[0;32m  OK  [0m] Stopped User Manager for UID 1000.
[[0;32m  OK  [0m] Started Unattended Upgrades Shutdown.
[[0;32m  OK  [0m] Stopped D-Bus System Message Bus.
[[0;32m  OK  [0m] Stopped Session 16 of user ubuntu.
[[0;32m  OK  [0m] Stopped FUSE filesystem for LXC.
[[0;32m  OK  [0m] Stopped LXD - container startup/shutdown.
[[0;32m  OK  [0m] Stopped LSB: Set the CPU Frequency Scaling governor to "ondemand".
[[0;32m  OK  [0m] Stopped LSB: MD monitoring daemon.
[[0;32m  OK  [0m] Stopped LSB: daemon to balance interrupts for SMP systems.
[[0;32m  OK  [0m] Stopped LSB: Record successful boot for GRUB.
[[0;32m  OK  [0m] Stopped LSB: automatic crash report generation.
[[0;32m  OK  [0m] Removed slice User Slice of ubuntu.
         Stopping Login Service...
[[0;32m  OK  [0m] Removed slice system-serial\x2dgetty.slice.
[[0;32m  OK  [0m] Removed slice system-getty.slice.
[[0;32m  OK  [0m] Stopped /etc/rc.local Compatibility.
         Stopping Permit User Sessions...
[[0;32m  OK  [0m] Stopped Login Service.
[[0;32m  OK  [0m] Stopped Permit User Sessions.
[[0;32m  OK  [0m] Stopped target Remote File Systems.
[[0;32m  OK  [0m] Stopped target Remote File Systems (Pre).
         Stopping Login to default iSCSI targets...
[[0;32m  OK  [0m] Stopped target User and Group Name Lookups.
[[0;32m  OK  [0m] Stopped Login to default iSCSI targets.
         Stopping iSCSI initiator daemon (iscsid)...
[[0;32m  OK  [0m] Stopped iSCSI initiator daemon (iscsid).
[[0;32m  OK  [0m] Stopped target Network is Online.
[[0;32m  OK  [0m] Stopped target Network.
[[0;32m  OK  [0m] Stopped Initial cloud-init job (metadata service crawler).
[[0;32m  OK  [0m] Stopped target Basic System.
[[0;32m  OK  [0m] Stopped target Slices.
[[0;32m  OK  [0m] Removed slice User and Session Slice.
[[0;32m  OK  [0m] Stopped target Paths.
[[0;32m  OK  [0m] Stopped ACPI Events Check.
[[0;32m  OK  [0m] Stopped Forward Password Requests to Wall Directory Watch.
[[0;32m  OK  [0m] Stopped Dispatch Password Requests to Console Directory Watch.
[[0;32m  OK  [0m] Stopped Trigger resolvconf update for networkd DNS.
[[0;32m  OK  [0m] Stopped target Sockets.
[[0;32m  OK  [0m] Closed Socket activation for snappy daemon.
[[0;32m  OK  [0m] Closed ACPID Listen Socket.
[[0;32m  OK  [0m] Closed Syslog Socket.
[[0;32m  OK  [0m] Closed D-Bus System Message Bus Socket.
[[0;32m  OK  [0m] Closed LXD - unix socket.
[[0;32m  OK  [0m] Closed UUID daemon activation socket.
[[0;32m  OK  [0m] Stopped target System Initialization.
         Stopping Update UTMP about System Boot/Shutdown...
         Stopping Load/Save Random Seed...
         Stopping Network Time Synchronization...
[[0;32m  OK  [0m] Stopped target Swap.
[[0;32m  OK  [0m] Stopped target Encrypted Volumes.
         Stopping Raise network interfaces...
[[0;32m  OK  [0m] Stopped Network Time Synchronization.
[[0;32m  OK  [0m] Stopped Load/Save Random Seed.
[[0;32m  OK  [0m] Stopped Update UTMP about System Boot/Shutdown.
[[0;32m  OK  [0m] Stopped Create Volatile Files and Directories.
[[0;32m  OK  [0m] Stopped Raise network interfaces.
[[0;32m  OK  [0m] Stopped target Network (Pre).
[[0;32m  OK  [0m] Stopped Initial cloud-init job (pre-networking).
[[0;32m  OK  [0m] Stopped Apply Kernel Variables.
[[0;32m  OK  [0m] Stopped Load Kernel Modules.
[[0;32m  OK  [0m] Stopped target Local File Systems.
         Unmounting /run/lxcfs/controllers/devices...
         Unmounting /run/lxcfs/controllers/memory...
         Unmounting /run/lxcfs/controllers/cpuset...
         Unmounting /run/user/1000...
         Unmounting /run/lxcfs/controllers/blkio...
         Unmounting /run/lxcfs/controllers/name=systemd...
         Unmounting /run/lxcfs/controllers/hugetlb...
         Unmounting /run/lxcfs/controllers/perf_event...
         Unmounting /run/lxcfs/controllers/pids...
         Unmounting /run/lxcfs/controllers/net_cls,net_prio...
         Unmounting /run/lxcfs/controllers/freezer...
         Unmounting /run/lxcfs/controllers/cpu,cpuacct...
[[0;32m  OK  [0m] Unmounted /run/lxcfs/controllers/devices.
[[0;32m  OK  [0m] Unmounted /run/lxcfs/controllers/memory.
[[0;32m  OK  [0m] Unmounted /run/lxcfs/controllers/cpuset.
[[0;32m  OK  [0m] Unmounted /run/user/1000.
[[0;32m  OK  [0m] Unmounted /run/lxcfs/controllers/blkio.
[[0;32m  OK  [0m] Unmounted /run/lxcfs/controllers/name=systemd.
[[0;32m  OK  [0m] Unmounted /run/lxcfs/controllers/hugetlb.
[[0;32m  OK  [0m] Unmounted /run/lxcfs/controllers/perf_event.
[[0;32m  OK  [0m] Unmounted /run/lxcfs/controllers/pids.
[[0;32m  OK  [0m] Unmounted /run/lxcfs/controllers/net_cls,net_prio.
[[0;32m  OK  [0m] Unmounted /run/lxcfs/controllers/freezer.
[[0;32m  OK  [0m] Unmounted /run/lxcfs/controllers/cpu,cpuacct.
         Unmounting /run/lxcfs/controllers...
[[0;32m  OK  [0m] Unmounted /run/lxcfs/controllers.
[[0;32m  OK  [0m] Reached target Unmount All Filesystems.
[[0;32m  OK  [0m] Stopped target Local File Systems (Pre).
[[0;32m  OK  [0m] Stopped Create Static Device Nodes in /dev.
[[0;32m  OK  [0m] Stopped Remount Root and Kernel File Systems.
[[0;32m  OK  [0m] Reached target Shutdown.
[ 1823.634266] reboot: Power down
